# JRE version: Java(TM) SE Runtime Environment (17.0.2+8) (build 17.0.2+8-LTS-86)
# Java VM: Java HotSpot(TM) 64-Bit Server VM (17.0.2+8-LTS-86, mixed mode, sharing, tiered, compressed oops, compressed class ptrs, g1 gc, windows-amd64)
GC Precious Log:
 CPUs: 4 total, 4 available
 Memory: 3969M
 Large Page Support: Disabled
 NUMA Support: Disabled
 Compressed Oops: Enabled (32-bit)
 Heap Region Size: 1M
 Heap Min Capacity: 64M
 Heap Initial Capacity: 64M
 Heap Max Capacity: 64M
 Pre-touch: Disabled
 Parallel Workers: 4
 Concurrent Workers: 1
 Concurrent Refinement Workers: 4
 Periodic GC: Disabled
Heap:
 garbage-first heap   total 65536K, used 12016K [0x00000000fc000000, 0x0000000100000000)
  region size 1024K, 3 young (3072K), 2 survivors (2048K)
 Metaspace       used 9370K, committed 9536K, reserved 1064960K
  class space    used 1217K, committed 1280K, reserved 1048576K
GC Heap History (6 events):
Event: 2.775 GC heap before
{Heap before GC invocations=0 (full 0):
 garbage-first heap   total 65536K, used 12288K [0x00000000fc000000, 0x0000000100000000)
  region size 1024K, 13 young (13312K), 0 survivors (0K)
 Metaspace       used 1753K, committed 1856K, reserved 1056768K
  class space    used 159K, committed 192K, reserved 1048576K
}
Event: 2.793 GC heap after
{Heap after GC invocations=1 (full 0):
 garbage-first heap   total 65536K, used 3580K [0x00000000fc000000, 0x0000000100000000)
  region size 1024K, 2 young (2048K), 2 survivors (2048K)
 Metaspace       used 1753K, committed 1856K, reserved 1056768K
  class space    used 159K, committed 192K, reserved 1048576K
}
Event: 4.464 GC heap before
{Heap before GC invocations=1 (full 0):
 garbage-first heap   total 65536K, used 23036K [0x00000000fc000000, 0x0000000100000000)
  region size 1024K, 17 young (17408K), 2 survivors (2048K)
 Metaspace       used 4902K, committed 5120K, reserved 1056768K
  class space    used 641K, committed 768K, reserved 1048576K
}
Event: 4.472 GC heap after
{Heap after GC invocations=2 (full 0):
 garbage-first heap   total 65536K, used 11188K [0x00000000fc000000, 0x0000000100000000)
  region size 1024K, 3 young (3072K), 3 survivors (3072K)
 Metaspace       used 4902K, committed 5120K, reserved 1056768K
  class space    used 641K, committed 768K, reserved 1048576K
}
Event: 228.781 GC heap before
{Heap before GC invocations=2 (full 0):
 garbage-first heap   total 65536K, used 30644K [0x00000000fc000000, 0x0000000100000000)
  region size 1024K, 22 young (22528K), 3 survivors (3072K)
 Metaspace       used 9370K, committed 9536K, reserved 1064960K
  class space    used 1217K, committed 1280K, reserved 1048576K
}
Event: 228.944 GC heap after
{Heap after GC invocations=3 (full 0):
 garbage-first heap   total 65536K, used 12016K [0x00000000fc000000, 0x0000000100000000)
  region size 1024K, 2 young (2048K), 2 survivors (2048K)
 Metaspace       used 9370K, committed 9536K, reserved 1064960K
  class space    used 1217K, committed 1280K, reserved 1048576K
}

